[     321ms] [INFO] %cDownload the React DevTools for a better development experience: https://react.dev/link/react-devtools font-weight:bold @ http://localhost:3000/_next/static/chunks/0wbd_next_dist_0~9ovs8._.js:2431
[     348ms] [LOG] [HMR] connected @ http://localhost:3000/_next/static/chunks/0wbd_next_dist_0~9ovs8._.js:2431
[    9986ms] [LOG] [Fast Refresh] rebuilding @ http://localhost:3000/_next/static/chunks/0wbd_next_dist_0~9ovs8._.js:2431
[    9990ms] [LOG] [Fast Refresh] done in 105ms @ http://localhost:3000/_next/static/chunks/0wbd_next_dist_0~9ovs8._.js:2431
[  108096ms] [LOG] [Fast Refresh] rebuilding @ http://localhost:3000/_next/static/chunks/0wbd_next_dist_0~9ovs8._.js:2431
[  108108ms] [LOG] [Fast Refresh] done in 116ms @ http://localhost:3000/_next/static/chunks/0wbd_next_dist_0~9ovs8._.js:2431
[  135996ms] [LOG] [Fast Refresh] rebuilding @ http://localhost:3000/_next/static/chunks/0wbd_next_dist_0~9ovs8._.js:2431
[  136034ms] [LOG] [Fast Refresh] done in 90ms @ http://localhost:3000/_next/static/chunks/0wbd_next_dist_0~9ovs8._.js:2431
[  144560ms] [LOG] [Fast Refresh] rebuilding @ http://localhost:3000/_next/static/chunks/0wbd_next_dist_0~9ovs8._.js:2431
[  144594ms] [LOG] [Fast Refresh] done in 43ms @ http://localhost:3000/_next/static/chunks/0wbd_next_dist_0~9ovs8._.js:2431
[  162298ms] [LOG] [Fast Refresh] rebuilding @ http://localhost:3000/_next/static/chunks/0wbd_next_dist_0~9ovs8._.js:2431
[  162401ms] [LOG] [Fast Refresh] done in 91ms @ http://localhost:3000/_next/static/chunks/0wbd_next_dist_0~9ovs8._.js:2431
[  174512ms] [LOG] [Fast Refresh] rebuilding @ http://localhost:3000/_next/static/chunks/0wbd_next_dist_0~9ovs8._.js:2431
[  174652ms] [LOG] [Fast Refresh] done in 219ms @ http://localhost:3000/_next/static/chunks/0wbd_next_dist_0~9ovs8._.js:2431
[  179174ms] [LOG] [Fast Refresh] rebuilding @ http://localhost:3000/_next/static/chunks/0wbd_next_dist_0~9ovs8._.js:2431
[  179205ms] [LOG] [Fast Refresh] done in 48ms @ http://localhost:3000/_next/static/chunks/0wbd_next_dist_0~9ovs8._.js:2431
[  192937ms] [LOG] [Fast Refresh] rebuilding @ http://localhost:3000/_next/static/chunks/0wbd_next_dist_0~9ovs8._.js:2431
[  192977ms] [LOG] [Fast Refresh] done in 59ms @ http://localhost:3000/_next/static/chunks/0wbd_next_dist_0~9ovs8._.js:2431
[  205018ms] [LOG] [Fast Refresh] rebuilding @ http://localhost:3000/_next/static/chunks/0wbd_next_dist_0~9ovs8._.js:2431
[  205038ms] [LOG] [Fast Refresh] done in 68ms @ http://localhost:3000/_next/static/chunks/0wbd_next_dist_0~9ovs8._.js:2431
[  251503ms] [LOG] [Fast Refresh] rebuilding @ http://localhost:3000/_next/static/chunks/0wbd_next_dist_0~9ovs8._.js:2431
[  251751ms] [LOG] [Fast Refresh] done in 350ms @ http://localhost:3000/_next/static/chunks/0wbd_next_dist_0~9ovs8._.js:2431
[  311526ms] [LOG] [Fast Refresh] rebuilding @ http://localhost:3000/_next/static/chunks/0wbd_next_dist_0~9ovs8._.js:2431
[  311574ms] [LOG] [Fast Refresh] done in 136ms @ http://localhost:3000/_next/static/chunks/0wbd_next_dist_0~9ovs8._.js:2431
